<?xml version="1.0" encoding="UTF-8"?>
<!-- Generated by org.testng.reporters.JUnitReportReporter -->
<testsuite hostname="LAPTOP-TCIABFM5" failures="0" tests="1" name="MMBChangeFlight.ChangeFlightAddonSelection" time="33.296" errors="0" timestamp="2025-09-30T12:33:19 IST" skipped="0">
  <testcase classname="MMBChangeFlight.ChangeFlightAddonSelection" name="AddonSelection" time="33.296"/>
</testsuite> <!-- MMBChangeFlight.ChangeFlightAddonSelection -->
