<?xml version="1.0" encoding="UTF-8"?>
<!-- Generated by org.testng.reporters.JUnitReportReporter -->
<testsuite hostname="LAPTOP-TCIABFM5" failures="0" tests="1" name="MMBChangeFlight.ChangeFlightAddonSelection" time="12.195" errors="0" timestamp="2025-10-04T14:26:16 IST" skipped="0">
  <testcase classname="MMBChangeFlight.ChangeFlightAddonSelection" name="AddonSelection" time="12.195"/>
</testsuite> <!-- MMBChangeFlight.ChangeFlightAddonSelection -->
