<?xml version="1.0" encoding="UTF-8"?>
<!-- Generated by org.testng.reporters.JUnitReportReporter -->
<testsuite hostname="LAPTOP-TCIABFM5" failures="0" tests="1" name="MMBChangeFlight.ChangeFlightEndTX" time="3.001" errors="0" timestamp="2025-10-04T14:26:16 IST" skipped="0">
  <testcase classname="MMBChangeFlight.ChangeFlightEndTX" name="getpaymentmethod" time="3.001"/>
</testsuite> <!-- MMBChangeFlight.ChangeFlightEndTX -->
