<?xml version="1.0" encoding="UTF-8"?>
<!-- Generated by org.testng.reporters.JUnitReportReporter -->
<testsuite hostname="LAPTOP-TCIABFM5" failures="0" tests="1" name="MMBChangeFlight.ChangeFlightEndTX" time="4.079" errors="0" timestamp="2025-09-30T12:33:19 IST" skipped="0">
  <testcase classname="MMBChangeFlight.ChangeFlightEndTX" name="getpaymentmethod" time="4.079"/>
</testsuite> <!-- MMBChangeFlight.ChangeFlightEndTX -->
